<?xml version="1.0" encoding="UTF-8"?>
<testng-results skipped="0" failed="0" ignored="0" total="2" passed="2">
  <reporter-output>
  </reporter-output>
  <suite name="test" duration-ms="3346" started-at="2022-07-18T19:20:13 IST" finished-at="2022-07-18T19:20:16 IST">
    <groups>
    </groups>
    <test name="cricketer List" duration-ms="3346" started-at="2022-07-18T19:20:13 IST" finished-at="2022-07-18T19:20:16 IST">
      <class name="classes.validateJson">
        <test-method status="PASS" signature="uri_details()[pri:0, instance:classes.validateJson@86be70a]" name="uri_details" is-config="true" duration-ms="2396" started-at="2022-07-18T19:20:13 IST" finished-at="2022-07-18T19:20:15 IST">
          <reporter-output>
          </reporter-output>
        </test-method> <!-- uri_details -->
        <test-method status="PASS" signature="validateJson_1()[pri:0, instance:classes.validateJson@86be70a]" name="validateJson_1" duration-ms="777" started-at="2022-07-18T19:20:15 IST" finished-at="2022-07-18T19:20:16 IST">
          <reporter-output>
          </reporter-output>
        </test-method> <!-- validateJson_1 -->
        <test-method status="PASS" signature="wicket_keeper()[pri:0, instance:classes.validateJson@86be70a]" name="wicket_keeper" duration-ms="126" started-at="2022-07-18T19:20:16 IST" finished-at="2022-07-18T19:20:16 IST">
          <reporter-output>
          </reporter-output>
        </test-method> <!-- wicket_keeper -->
      </class> <!-- classes.validateJson -->
    </test> <!-- cricketer List -->
  </suite> <!-- test -->
</testng-results>
